[0313/121034.143:WARNING:storage_block-inl.h(146)] Failed data load.
[0313/121034.688:WARNING:storage_block-inl.h(146)] Failed data load.
[0313/121035.643:WARNING:backend_impl.cc(1837)] Destroying invalid entry.
[0313/121035.644:ERROR:block_files.cc(109)] Failing CreateMapBlock
[0313/121035.644:ERROR:backend_impl.cc(592)] Create entry failed https://static.fab.com/static/builds/web/dist/e372e86f6f47e113bda055dd524c50a3-v1.css
[0313/121035.645:WARNING:backend_impl.cc(1837)] Destroying invalid entry.
[0313/121035.645:WARNING:storage_block-inl.h(146)] Failed data load.
[0313/121035.645:WARNING:backend_impl.cc(1837)] Destroying invalid entry.
[0313/121035.645:WARNING:storage_block-inl.h(146)] Failed data load.
[0313/121035.645:WARNING:backend_impl.cc(1837)] Destroying invalid entry.
[0313/121035.645:ERROR:block_files.cc(109)] Failing CreateMapBlock
[0313/121035.645:ERROR:backend_impl.cc(592)] Create entry failed https://static.fab.com/static/builds/web/dist/726a5a2d083f4ab84d357d5f4c0bd525-v1.css
[0313/121035.645:WARNING:backend_impl.cc(1837)] Destroying invalid entry.
[0313/121035.646:ERROR:block_files.cc(109)] Failing CreateMapBlock
[0313/121035.646:ERROR:backend_impl.cc(592)] Create entry failed https://static.fab.com/static/builds/web/dist/@epic-tokens/eds-icons/font/typeface/2aca150ff52068328cf7ab70c2ad0ec6-v1.woff2
[0313/121035.646:WARNING:backend_impl.cc(1837)] Destroying invalid entry.
[0313/121035.647:WARNING:storage_block-inl.h(146)] Failed data load.
[0313/121035.647:WARNING:backend_impl.cc(1837)] Destroying invalid entry.
[0313/121035.647:WARNING:storage_block-inl.h(146)] Failed data load.
[0313/121035.648:ERROR:backend_impl.cc(1041)] Critical error found -8
[0313/121035.648:ERROR:entry_impl.cc(1075)] No file for c1030000
[0313/121035.648:WARNING:storage_block-inl.h(146)] Failed data load.
[0313/121035.649:WARNING:storage_block-inl.h(146)] Failed data load.
[0313/121035.649:WARNING:storage_block-inl.h(146)] Failed data load.
[0313/121035.649:WARNING:storage_block-inl.h(146)] Failed data load.
[0313/121035.649:ERROR:entry_impl.cc(1075)] No file for c103000c
[0313/121035.649:WARNING:storage_block-inl.h(146)] Failed data load.
[0313/121035.649:WARNING:storage_block-inl.h(146)] Failed data load.
[0313/121035.649:WARNING:storage_block-inl.h(146)] Failed data load.
[0313/121035.649:WARNING:storage_block-inl.h(146)] Failed data load.
[0313/121035.649:ERROR:entry_impl.cc(1075)] No file for c103000e
[0313/121035.649:WARNING:storage_block-inl.h(146)] Failed data load.
[0313/121035.649:WARNING:storage_block-inl.h(146)] Failed data load.
[0313/121035.649:WARNING:storage_block-inl.h(146)] Failed data load.
[0313/121035.649:WARNING:storage_block-inl.h(146)] Failed data load.
[0313/121035.649:ERROR:entry_impl.cc(1075)] No file for c1030048
[0313/121035.649:WARNING:storage_block-inl.h(146)] Failed data load.
[0313/121035.649:WARNING:storage_block-inl.h(146)] Failed data load.
[0313/121035.649:WARNING:storage_block-inl.h(146)] Failed data load.
[0313/121035.649:WARNING:storage_block-inl.h(146)] Failed data load.
[0313/121035.649:ERROR:entry_impl.cc(1075)] No file for c1030044
[0313/121035.649:WARNING:storage_block-inl.h(146)] Failed data load.
[0313/121035.649:WARNING:storage_block-inl.h(146)] Failed data load.
[0313/121035.649:WARNING:storage_block-inl.h(146)] Failed data load.
[0313/121035.649:WARNING:storage_block-inl.h(146)] Failed data load.
[0313/121035.649:ERROR:entry_impl.cc(1075)] No file for c1030042
[0313/121035.649:WARNING:storage_block-inl.h(146)] Failed data load.
[0313/121035.649:WARNING:storage_block-inl.h(146)] Failed data load.
[0313/121035.649:WARNING:storage_block-inl.h(146)] Failed data load.
[0313/121035.649:WARNING:storage_block-inl.h(146)] Failed data load.
[0313/121035.649:ERROR:entry_impl.cc(1075)] No file for c1030046
[0313/121035.649:WARNING:storage_block-inl.h(146)] Failed data load.
[0313/121035.649:WARNING:storage_block-inl.h(146)] Failed data load.
[0313/121035.649:WARNING:storage_block-inl.h(146)] Failed data load.
[0313/121035.649:WARNING:storage_block-inl.h(146)] Failed data load.
[0313/121035.649:ERROR:entry_impl.cc(1075)] No file for c103004a
[0313/121035.649:WARNING:storage_block-inl.h(146)] Failed data load.
[0313/121035.649:WARNING:storage_block-inl.h(146)] Failed data load.
[0313/121035.649:WARNING:storage_block-inl.h(146)] Failed data load.
[0313/121035.650:WARNING:storage_block-inl.h(146)] Failed data load.
[0313/121035.651:WARNING:storage_block-inl.h(146)] Failed data load.
[0313/121035.651:WARNING:storage_block-inl.h(146)] Failed data load.
[0313/121035.651:WARNING:storage_block-inl.h(146)] Failed data load.
[0313/121035.651:WARNING:storage_block-inl.h(146)] Failed data load.
[0313/121035.829:WARNING:storage_block-inl.h(146)] Failed data load.
[0313/121035.830:WARNING:storage_block-inl.h(146)] Failed data load.
[0313/121035.830:WARNING:storage_block-inl.h(146)] Failed data load.
[0313/121035.831:WARNING:storage_block-inl.h(146)] Failed data load.
[0313/121035.833:ERROR:entry_impl.cc(998)] Failed to save user data
[0313/121035.833:ERROR:entry_impl.cc(998)] Failed to save user data
[0313/121035.890:WARNING:storage_block-inl.h(146)] Failed data load.
[0313/121035.890:WARNING:storage_block-inl.h(146)] Failed data load.
[0313/121035.891:WARNING:storage_block-inl.h(146)] Failed data load.
[0313/121035.891:WARNING:storage_block-inl.h(146)] Failed data load.
[0313/121035.891:WARNING:storage_block-inl.h(146)] Failed data load.
[0313/121035.891:WARNING:storage_block-inl.h(146)] Failed data load.
[0313/121035.891:WARNING:storage_block-inl.h(146)] Failed data load.
[0313/121035.895:WARNING:storage_block-inl.h(146)] Failed data load.
[0313/121035.895:WARNING:storage_block-inl.h(146)] Failed data load.
[0313/121035.899:ERROR:entry_impl.cc(998)] Failed to save user data
[0313/121035.899:ERROR:entry_impl.cc(998)] Failed to save user data
[0313/121035.899:ERROR:entry_impl.cc(998)] Failed to save user data
[0313/121035.899:ERROR:entry_impl.cc(998)] Failed to save user data
[0313/121035.975:WARNING:storage_block-inl.h(146)] Failed data load.
[0313/121035.976:WARNING:storage_block-inl.h(146)] Failed data load.
[0313/121035.976:WARNING:storage_block-inl.h(146)] Failed data load.
[0313/121035.976:WARNING:storage_block-inl.h(146)] Failed data load.
[0313/121035.983:WARNING:storage_block-inl.h(146)] Failed data load.
[0313/121035.991:WARNING:storage_block-inl.h(146)] Failed data load.
[0313/121036.010:WARNING:storage_block-inl.h(146)] Failed data load.
[0313/121036.013:WARNING:storage_block-inl.h(146)] Failed data load.
[0313/121036.028:WARNING:storage_block-inl.h(146)] Failed data load.
[0313/121036.028:ERROR:entry_impl.cc(998)] Failed to save user data
[0313/121230.040:ERROR:gpu_init.cc(426)] Passthrough is not supported, GL is disabled
